[0m12:16:51.991516 [debug] [MainThread]: Sending event: {'category': 'dbt', 'action': 'invocation', 'label': 'start', 'context': [<snowplow_tracker.self_describing_json.SelfDescribingJson object at 0x7f78f720aa10>, <snowplow_tracker.self_describing_json.SelfDescribingJson object at 0x7f78f53d5ae0>, <snowplow_tracker.self_describing_json.SelfDescribingJson object at 0x7f78f53d5b70>]}


============================== 12:16:51.997332 | c85bcea1-4b45-4da5-8d93-98273cd2ea59 ==============================
[0m12:16:51.997332 [info ] [MainThread]: Running with dbt=1.6.1
[0m12:16:51.998049 [debug] [MainThread]: running dbt with arguments {'printer_width': '80', 'indirect_selection': 'eager', 'log_cache_events': 'False', 'write_json': 'True', 'partial_parse': 'True', 'cache_selected_only': 'False', 'profiles_dir': '/home/ehsan/.dbt', 'debug': 'False', 'version_check': 'True', 'log_path': 'logs', 'warn_error': 'None', 'fail_fast': 'False', 'use_colors': 'True', 'use_experimental_parser': 'False', 'no_print': 'None', 'quiet': 'False', 'warn_error_options': 'WarnErrorOptions(include=[], exclude=[])', 'invocation_command': 'dbt init dw_load', 'introspect': 'True', 'log_format': 'default', 'target_path': 'None', 'static_parser': 'True', 'send_anonymous_usage_stats': 'True'}
[0m12:16:51.998754 [warn ] [MainThread]: [ConfigFolderDirectory]: Unable to parse dict {'dir': PosixPath('/home/ehsan/.dbt')}
[0m12:16:51.999301 [info ] [MainThread]: Creating dbt configuration folder at 
[0m12:16:52.000435 [debug] [MainThread]: Starter project path: /home/ehsan/anaconda3/envs/mypy310/lib/python3.10/site-packages/dbt/include/starter_project
[0m12:16:52.004947 [info ] [MainThread]: 
Your new dbt project "dw_load" was created!

For more information on how to configure the profiles.yml file,
please consult the dbt documentation here:

  https://docs.getdbt.com/docs/configure-your-profile

One more thing:

Need help? Don't hesitate to reach out to us via GitHub issues or on Slack:

  https://community.getdbt.com/

Happy modeling!

[0m12:16:52.005609 [info ] [MainThread]: Setting up your profile.
[0m12:25:16.898860 [info ] [MainThread]: Profile dw_load written to /home/ehsan/.dbt/profiles.yml using target's profile_template.yml and your supplied values. Run 'dbt debug' to validate the connection.
[0m12:25:16.900566 [debug] [MainThread]: Command `dbt init` succeeded at 12:25:16.900370 after 504.91 seconds
[0m12:25:16.901263 [debug] [MainThread]: Sending event: {'category': 'dbt', 'action': 'invocation', 'label': 'end', 'context': [<snowplow_tracker.self_describing_json.SelfDescribingJson object at 0x7f78f720aa10>, <snowplow_tracker.self_describing_json.SelfDescribingJson object at 0x7f78f6768a90>, <snowplow_tracker.self_describing_json.SelfDescribingJson object at 0x7f78f53d5a50>]}
[0m12:25:16.901875 [debug] [MainThread]: Flushing usage events
[0m12:25:39.010694 [debug] [MainThread]: Sending event: {'category': 'dbt', 'action': 'invocation', 'label': 'start', 'context': [<snowplow_tracker.self_describing_json.SelfDescribingJson object at 0x7fcd39b0ea10>, <snowplow_tracker.self_describing_json.SelfDescribingJson object at 0x7fcd37cce080>, <snowplow_tracker.self_describing_json.SelfDescribingJson object at 0x7fcd37ccdf00>]}


============================== 12:25:39.013667 | 351b9788-7405-45a5-8300-2b7b1464ef3c ==============================
[0m12:25:39.013667 [info ] [MainThread]: Running with dbt=1.6.1
[0m12:25:39.014395 [debug] [MainThread]: running dbt with arguments {'printer_width': '80', 'indirect_selection': 'eager', 'log_cache_events': 'False', 'write_json': 'True', 'partial_parse': 'True', 'cache_selected_only': 'False', 'profiles_dir': '/home/ehsan/.dbt', 'debug': 'False', 'fail_fast': 'False', 'log_path': 'logs', 'version_check': 'True', 'warn_error': 'None', 'use_colors': 'True', 'use_experimental_parser': 'False', 'no_print': 'None', 'quiet': 'False', 'warn_error_options': 'WarnErrorOptions(include=[], exclude=[])', 'introspect': 'True', 'static_parser': 'True', 'invocation_command': 'dbt debug', 'target_path': 'None', 'log_format': 'default', 'send_anonymous_usage_stats': 'True'}
[0m12:25:39.015127 [info ] [MainThread]: dbt version: 1.6.1
[0m12:25:39.015628 [info ] [MainThread]: python version: 3.10.12
[0m12:25:39.016117 [info ] [MainThread]: python path: /home/ehsan/anaconda3/envs/mypy310/bin/python
[0m12:25:39.016648 [info ] [MainThread]: os info: Linux-6.2.0-32-generic-x86_64-with-glibc2.35
[0m12:25:39.614993 [info ] [MainThread]: Using profiles dir at /home/ehsan/.dbt
[0m12:25:39.615613 [info ] [MainThread]: Using profiles.yml file at /home/ehsan/.dbt/profiles.yml
[0m12:25:39.616251 [info ] [MainThread]: Using dbt_project.yml file at /home/ehsan/Documents/My Projects/dbt-snowflake-pipeline/dbt_project.yml
[0m12:25:39.616970 [info ] [MainThread]: adapter type: snowflake
[0m12:25:39.617436 [info ] [MainThread]: adapter version: 1.6.2
[0m12:25:39.617951 [info ] [MainThread]: Configuration:
[0m12:25:39.618409 [info ] [MainThread]:   profiles.yml file [[32mOK found and valid[0m]
[0m12:25:39.618938 [info ] [MainThread]:   dbt_project.yml file [[31mERROR not found[0m]
[0m12:25:39.619424 [info ] [MainThread]: Required dependencies:
[0m12:25:39.619947 [debug] [MainThread]: Executing "git --help"
[0m12:25:39.622965 [debug] [MainThread]: STDOUT: "b"usage: git [--version] [--help] [-C <path>] [-c <name>=<value>]\n           [--exec-path[=<path>]] [--html-path] [--man-path] [--info-path]\n           [-p | --paginate | -P | --no-pager] [--no-replace-objects] [--bare]\n           [--git-dir=<path>] [--work-tree=<path>] [--namespace=<name>]\n           [--super-prefix=<path>] [--config-env=<name>=<envvar>]\n           <command> [<args>]\n\nThese are common Git commands used in various situations:\n\nstart a working area (see also: git help tutorial)\n   clone     Clone a repository into a new directory\n   init      Create an empty Git repository or reinitialize an existing one\n\nwork on the current change (see also: git help everyday)\n   add       Add file contents to the index\n   mv        Move or rename a file, a directory, or a symlink\n   restore   Restore working tree files\n   rm        Remove files from the working tree and from the index\n\nexamine the history and state (see also: git help revisions)\n   bisect    Use binary search to find the commit that introduced a bug\n   diff      Show changes between commits, commit and working tree, etc\n   grep      Print lines matching a pattern\n   log       Show commit logs\n   show      Show various types of objects\n   status    Show the working tree status\n\ngrow, mark and tweak your common history\n   branch    List, create, or delete branches\n   commit    Record changes to the repository\n   merge     Join two or more development histories together\n   rebase    Reapply commits on top of another base tip\n   reset     Reset current HEAD to the specified state\n   switch    Switch branches\n   tag       Create, list, delete or verify a tag object signed with GPG\n\ncollaborate (see also: git help workflows)\n   fetch     Download objects and refs from another repository\n   pull      Fetch from and integrate with another repository or a local branch\n   push      Update remote refs along with associated objects\n\n'git help -a' and 'git help -g' list available subcommands and some\nconcept guides. See 'git help <command>' or 'git help <concept>'\nto read about a specific subcommand or concept.\nSee 'git help git' for an overview of the system.\n""
[0m12:25:39.623654 [debug] [MainThread]: STDERR: "b''"
[0m12:25:39.624207 [info ] [MainThread]:  - git [[32mOK found[0m]

[0m12:25:39.624764 [info ] [MainThread]: Connection:
[0m12:25:39.625356 [info ] [MainThread]:   account: ehshi
[0m12:25:39.625968 [info ] [MainThread]:   user: ehshi
[0m12:25:39.626644 [info ] [MainThread]:   database: TPCH_SF100
[0m12:25:39.627309 [info ] [MainThread]:   warehouse: SNOWFLAKE_SAMPLE_DATA
[0m12:25:39.627804 [info ] [MainThread]:   role: DE
[0m12:25:39.628343 [info ] [MainThread]:   schema: dw
[0m12:25:39.628839 [info ] [MainThread]:   authenticator: None
[0m12:25:39.629288 [info ] [MainThread]:   private_key_path: None
[0m12:25:39.629744 [info ] [MainThread]:   token: None
[0m12:25:39.630187 [info ] [MainThread]:   oauth_client_id: None
[0m12:25:39.630629 [info ] [MainThread]:   query_tag: None
[0m12:25:39.631095 [info ] [MainThread]:   client_session_keep_alive: False
[0m12:25:39.631548 [info ] [MainThread]:   host: None
[0m12:25:39.631997 [info ] [MainThread]:   port: None
[0m12:25:39.632447 [info ] [MainThread]:   proxy_host: None
[0m12:25:39.632896 [info ] [MainThread]:   proxy_port: None
[0m12:25:39.633389 [info ] [MainThread]:   protocol: None
[0m12:25:39.633843 [info ] [MainThread]:   connect_retries: 1
[0m12:25:39.634367 [info ] [MainThread]:   connect_timeout: None
[0m12:25:39.634898 [info ] [MainThread]:   retry_on_database_errors: False
[0m12:25:39.635354 [info ] [MainThread]:   retry_all: False
[0m12:25:39.635807 [info ] [MainThread]:   insecure_mode: False
[0m12:25:39.636263 [info ] [MainThread]:   reuse_connections: None
[0m12:25:39.636833 [info ] [MainThread]: Registered adapter: snowflake=1.6.2
[0m12:25:39.637549 [debug] [MainThread]: Acquiring new snowflake connection 'debug'
[0m12:25:39.638388 [debug] [MainThread]: Using snowflake connection "debug"
[0m12:25:39.638837 [debug] [MainThread]: On debug: select 1 as id
[0m12:25:39.639248 [debug] [MainThread]: Opening a new connection, currently in state init
[0m12:25:40.466100 [debug] [MainThread]: Snowflake adapter: Error running SQL: select 1 as id
[0m12:25:40.466684 [debug] [MainThread]: Snowflake adapter: Rolling back transaction.
[0m12:25:40.467180 [debug] [MainThread]: On debug: No close available on handle
[0m12:25:40.467718 [info ] [MainThread]:   Connection test: [[31mERROR[0m]

[0m12:25:40.468206 [info ] [MainThread]: [31m1 check failed:[0m
[0m12:25:40.468705 [info ] [MainThread]: Project loading failed for the following reason:
 project path </home/ehsan/Documents/My Projects/dbt-snowflake-pipeline/dbt_project.yml> not found

[0m12:25:40.469477 [debug] [MainThread]: Command `dbt debug` failed at 12:25:40.469359 after 1.46 seconds
[0m12:25:40.469951 [debug] [MainThread]: Connection 'debug' was properly closed.
[0m12:25:40.470428 [debug] [MainThread]: Sending event: {'category': 'dbt', 'action': 'invocation', 'label': 'end', 'context': [<snowplow_tracker.self_describing_json.SelfDescribingJson object at 0x7fcd39b0ea10>, <snowplow_tracker.self_describing_json.SelfDescribingJson object at 0x7fcd164aa440>, <snowplow_tracker.self_describing_json.SelfDescribingJson object at 0x7fcd164aa500>]}
[0m12:25:40.471028 [debug] [MainThread]: Flushing usage events
[0m12:29:11.276192 [debug] [MainThread]: Sending event: {'category': 'dbt', 'action': 'invocation', 'label': 'start', 'context': [<snowplow_tracker.self_describing_json.SelfDescribingJson object at 0x7f8f93b06a40>, <snowplow_tracker.self_describing_json.SelfDescribingJson object at 0x7f8f91cc6080>, <snowplow_tracker.self_describing_json.SelfDescribingJson object at 0x7f8f91cc5ff0>]}


============================== 12:29:11.279331 | 6bbe8a51-c5b0-4d8c-97f8-dd447b0666f8 ==============================
[0m12:29:11.279331 [info ] [MainThread]: Running with dbt=1.6.1
[0m12:29:11.280157 [debug] [MainThread]: running dbt with arguments {'printer_width': '80', 'indirect_selection': 'eager', 'log_cache_events': 'False', 'write_json': 'True', 'partial_parse': 'True', 'cache_selected_only': 'False', 'profiles_dir': '/home/ehsan/.dbt', 'debug': 'False', 'warn_error': 'None', 'log_path': 'logs', 'version_check': 'True', 'fail_fast': 'False', 'use_colors': 'True', 'use_experimental_parser': 'False', 'no_print': 'None', 'quiet': 'False', 'log_format': 'default', 'static_parser': 'True', 'invocation_command': 'dbt init', 'introspect': 'True', 'target_path': 'None', 'warn_error_options': 'WarnErrorOptions(include=[], exclude=[])', 'send_anonymous_usage_stats': 'True'}
[0m12:29:17.773358 [info ] [MainThread]: A project called dw_load already exists here.
[0m12:29:17.774466 [debug] [MainThread]: Command `dbt init` succeeded at 12:29:17.774308 after 6.50 seconds
[0m12:29:17.775053 [debug] [MainThread]: Sending event: {'category': 'dbt', 'action': 'invocation', 'label': 'end', 'context': [<snowplow_tracker.self_describing_json.SelfDescribingJson object at 0x7f8f93b06a40>, <snowplow_tracker.self_describing_json.SelfDescribingJson object at 0x7f8f91cc5f30>, <snowplow_tracker.self_describing_json.SelfDescribingJson object at 0x7f8f91cc6080>]}
[0m12:29:17.775673 [debug] [MainThread]: Flushing usage events
[0m12:29:29.987430 [debug] [MainThread]: Sending event: {'category': 'dbt', 'action': 'invocation', 'label': 'start', 'context': [<snowplow_tracker.self_describing_json.SelfDescribingJson object at 0x7f140620a9e0>, <snowplow_tracker.self_describing_json.SelfDescribingJson object at 0x7f14043ce050>, <snowplow_tracker.self_describing_json.SelfDescribingJson object at 0x7f14043cdf90>]}


============================== 12:29:29.990603 | 273f24f7-f6d8-4410-b252-356642183d6e ==============================
[0m12:29:29.990603 [info ] [MainThread]: Running with dbt=1.6.1
[0m12:29:29.991394 [debug] [MainThread]: running dbt with arguments {'printer_width': '80', 'indirect_selection': 'eager', 'write_json': 'True', 'log_cache_events': 'False', 'partial_parse': 'True', 'cache_selected_only': 'False', 'profiles_dir': '/home/ehsan/.dbt', 'fail_fast': 'False', 'warn_error': 'None', 'log_path': 'logs', 'debug': 'False', 'version_check': 'True', 'use_colors': 'True', 'use_experimental_parser': 'False', 'no_print': 'None', 'quiet': 'False', 'warn_error_options': 'WarnErrorOptions(include=[], exclude=[])', 'introspect': 'True', 'log_format': 'default', 'static_parser': 'True', 'target_path': 'None', 'invocation_command': 'dbt init', 'send_anonymous_usage_stats': 'True'}
[0m12:29:47.349110 [debug] [MainThread]: Starter project path: /home/ehsan/anaconda3/envs/mypy310/lib/python3.10/site-packages/dbt/include/starter_project
[0m12:29:47.352331 [info ] [MainThread]: 
Your new dbt project "sf_dw" was created!

For more information on how to configure the profiles.yml file,
please consult the dbt documentation here:

  https://docs.getdbt.com/docs/configure-your-profile

One more thing:

Need help? Don't hesitate to reach out to us via GitHub issues or on Slack:

  https://community.getdbt.com/

Happy modeling!

[0m12:29:47.353013 [info ] [MainThread]: Setting up your profile.
[0m12:30:42.768053 [info ] [MainThread]: Profile sf_dw written to /home/ehsan/.dbt/profiles.yml using target's profile_template.yml and your supplied values. Run 'dbt debug' to validate the connection.
[0m12:30:42.769380 [debug] [MainThread]: Command `dbt init` succeeded at 12:30:42.769141 after 72.79 seconds
[0m12:30:42.770131 [debug] [MainThread]: Sending event: {'category': 'dbt', 'action': 'invocation', 'label': 'end', 'context': [<snowplow_tracker.self_describing_json.SelfDescribingJson object at 0x7f140620a9e0>, <snowplow_tracker.self_describing_json.SelfDescribingJson object at 0x7f14043ce290>, <snowplow_tracker.self_describing_json.SelfDescribingJson object at 0x7f14043ce320>]}
[0m12:30:42.770858 [debug] [MainThread]: Flushing usage events
[0m12:30:52.816358 [debug] [MainThread]: Sending event: {'category': 'dbt', 'action': 'invocation', 'label': 'start', 'context': [<snowplow_tracker.self_describing_json.SelfDescribingJson object at 0x7f5ec6df6a70>, <snowplow_tracker.self_describing_json.SelfDescribingJson object at 0x7f5ec4dba110>, <snowplow_tracker.self_describing_json.SelfDescribingJson object at 0x7f5ec4dba020>]}


============================== 12:30:52.819462 | d32e3fb5-5b1e-4a9b-ab59-c9b623c1879b ==============================
[0m12:30:52.819462 [info ] [MainThread]: Running with dbt=1.6.1
[0m12:30:52.820132 [debug] [MainThread]: running dbt with arguments {'printer_width': '80', 'indirect_selection': 'eager', 'write_json': 'True', 'log_cache_events': 'False', 'partial_parse': 'True', 'cache_selected_only': 'False', 'warn_error': 'None', 'fail_fast': 'False', 'profiles_dir': '/home/ehsan/.dbt', 'log_path': 'logs', 'debug': 'False', 'version_check': 'True', 'use_colors': 'True', 'use_experimental_parser': 'False', 'no_print': 'None', 'quiet': 'False', 'log_format': 'default', 'invocation_command': 'dbt debug', 'static_parser': 'True', 'warn_error_options': 'WarnErrorOptions(include=[], exclude=[])', 'target_path': 'None', 'introspect': 'True', 'send_anonymous_usage_stats': 'True'}
[0m12:30:52.820792 [info ] [MainThread]: dbt version: 1.6.1
[0m12:30:52.821285 [info ] [MainThread]: python version: 3.10.12
[0m12:30:52.821769 [info ] [MainThread]: python path: /home/ehsan/anaconda3/envs/mypy310/bin/python
[0m12:30:52.822249 [info ] [MainThread]: os info: Linux-6.2.0-32-generic-x86_64-with-glibc2.35
[0m12:30:53.413315 [info ] [MainThread]: Using profiles dir at /home/ehsan/.dbt
[0m12:30:53.413967 [info ] [MainThread]: Using profiles.yml file at /home/ehsan/.dbt/profiles.yml
[0m12:30:53.414607 [info ] [MainThread]: Using dbt_project.yml file at /home/ehsan/Documents/My Projects/dbt-snowflake-pipeline/dbt_project.yml
[0m12:30:53.415248 [error] [MainThread]: Encountered an error:
Internal Error
  Profile should not be None if loading profile completed
[0m12:30:53.415978 [debug] [MainThread]: Command `dbt debug` failed at 12:30:53.415852 after 0.61 seconds
[0m12:30:53.416461 [debug] [MainThread]: Sending event: {'category': 'dbt', 'action': 'invocation', 'label': 'end', 'context': [<snowplow_tracker.self_describing_json.SelfDescribingJson object at 0x7f5ec6df6a70>, <snowplow_tracker.self_describing_json.SelfDescribingJson object at 0x7f5ec4dba350>, <snowplow_tracker.self_describing_json.SelfDescribingJson object at 0x7f5ea7da1330>]}
[0m12:30:53.416972 [debug] [MainThread]: Flushing usage events
[0m11:52:02.483699 [debug] [MainThread]: Sending event: {'category': 'dbt', 'action': 'invocation', 'label': 'start', 'context': [<snowplow_tracker.self_describing_json.SelfDescribingJson object at 0x7f827bc090f0>, <snowplow_tracker.self_describing_json.SelfDescribingJson object at 0x7f8279dce530>, <snowplow_tracker.self_describing_json.SelfDescribingJson object at 0x7f8279dce440>]}


============================== 11:52:02.488422 | f178300f-2fb6-4602-b496-c13fa32159b9 ==============================
[0m11:52:02.488422 [info ] [MainThread]: Running with dbt=1.6.1
[0m11:52:02.489277 [debug] [MainThread]: running dbt with arguments {'printer_width': '80', 'indirect_selection': 'eager', 'write_json': 'True', 'log_cache_events': 'False', 'partial_parse': 'True', 'cache_selected_only': 'False', 'profiles_dir': '/home/ehsan/.dbt', 'version_check': 'True', 'fail_fast': 'False', 'log_path': 'logs', 'debug': 'False', 'warn_error': 'None', 'use_colors': 'True', 'use_experimental_parser': 'False', 'no_print': 'None', 'quiet': 'False', 'log_format': 'default', 'static_parser': 'True', 'introspect': 'True', 'invocation_command': 'dbt debug', 'target_path': 'None', 'warn_error_options': 'WarnErrorOptions(include=[], exclude=[])', 'send_anonymous_usage_stats': 'True'}
[0m11:52:02.490168 [info ] [MainThread]: dbt version: 1.6.1
[0m11:52:02.490753 [info ] [MainThread]: python version: 3.10.12
[0m11:52:02.491659 [info ] [MainThread]: python path: /home/ehsan/anaconda3/envs/mypy310/bin/python
[0m11:52:02.492263 [info ] [MainThread]: os info: Linux-6.2.0-32-generic-x86_64-with-glibc2.35
[0m11:52:04.192338 [info ] [MainThread]: Using profiles dir at /home/ehsan/.dbt
[0m11:52:04.193060 [info ] [MainThread]: Using profiles.yml file at /home/ehsan/.dbt/profiles.yml
[0m11:52:04.193729 [info ] [MainThread]: Using dbt_project.yml file at /home/ehsan/Documents/My Projects/dbt-snowflake-pipeline/dbt_project.yml
[0m11:52:04.194927 [info ] [MainThread]: adapter type: snowflake
[0m11:52:04.195548 [info ] [MainThread]: adapter version: 1.6.2
[0m11:52:04.196161 [info ] [MainThread]: Configuration:
[0m11:52:04.196679 [info ] [MainThread]:   profiles.yml file [[32mOK found and valid[0m]
[0m11:52:04.197215 [info ] [MainThread]:   dbt_project.yml file [[31mERROR not found[0m]
[0m11:52:04.197750 [info ] [MainThread]: Required dependencies:
[0m11:52:04.198304 [debug] [MainThread]: Executing "git --help"
[0m11:52:04.201086 [debug] [MainThread]: STDOUT: "b"usage: git [--version] [--help] [-C <path>] [-c <name>=<value>]\n           [--exec-path[=<path>]] [--html-path] [--man-path] [--info-path]\n           [-p | --paginate | -P | --no-pager] [--no-replace-objects] [--bare]\n           [--git-dir=<path>] [--work-tree=<path>] [--namespace=<name>]\n           [--super-prefix=<path>] [--config-env=<name>=<envvar>]\n           <command> [<args>]\n\nThese are common Git commands used in various situations:\n\nstart a working area (see also: git help tutorial)\n   clone     Clone a repository into a new directory\n   init      Create an empty Git repository or reinitialize an existing one\n\nwork on the current change (see also: git help everyday)\n   add       Add file contents to the index\n   mv        Move or rename a file, a directory, or a symlink\n   restore   Restore working tree files\n   rm        Remove files from the working tree and from the index\n\nexamine the history and state (see also: git help revisions)\n   bisect    Use binary search to find the commit that introduced a bug\n   diff      Show changes between commits, commit and working tree, etc\n   grep      Print lines matching a pattern\n   log       Show commit logs\n   show      Show various types of objects\n   status    Show the working tree status\n\ngrow, mark and tweak your common history\n   branch    List, create, or delete branches\n   commit    Record changes to the repository\n   merge     Join two or more development histories together\n   rebase    Reapply commits on top of another base tip\n   reset     Reset current HEAD to the specified state\n   switch    Switch branches\n   tag       Create, list, delete or verify a tag object signed with GPG\n\ncollaborate (see also: git help workflows)\n   fetch     Download objects and refs from another repository\n   pull      Fetch from and integrate with another repository or a local branch\n   push      Update remote refs along with associated objects\n\n'git help -a' and 'git help -g' list available subcommands and some\nconcept guides. See 'git help <command>' or 'git help <concept>'\nto read about a specific subcommand or concept.\nSee 'git help git' for an overview of the system.\n""
[0m11:52:04.201897 [debug] [MainThread]: STDERR: "b''"
[0m11:52:04.202472 [info ] [MainThread]:  - git [[32mOK found[0m]

[0m11:52:04.203129 [info ] [MainThread]: Connection:
[0m11:52:04.203803 [info ] [MainThread]:   account: jvjhcmf-ai71700
[0m11:52:04.204530 [info ] [MainThread]:   user: ehshi
[0m11:52:04.205096 [info ] [MainThread]:   database: dw_fullscript
[0m11:52:04.205690 [info ] [MainThread]:   warehouse: SNOWFLAKE_SAMPLE_DATA
[0m11:52:04.206231 [info ] [MainThread]:   role: None
[0m11:52:04.206761 [info ] [MainThread]:   schema: dw
[0m11:52:04.207312 [info ] [MainThread]:   authenticator: None
[0m11:52:04.207838 [info ] [MainThread]:   private_key_path: None
[0m11:52:04.208368 [info ] [MainThread]:   token: None
[0m11:52:04.208895 [info ] [MainThread]:   oauth_client_id: None
[0m11:52:04.209422 [info ] [MainThread]:   query_tag: None
[0m11:52:04.209945 [info ] [MainThread]:   client_session_keep_alive: False
[0m11:52:04.210462 [info ] [MainThread]:   host: None
[0m11:52:04.210990 [info ] [MainThread]:   port: None
[0m11:52:04.211514 [info ] [MainThread]:   proxy_host: None
[0m11:52:04.212025 [info ] [MainThread]:   proxy_port: None
[0m11:52:04.212538 [info ] [MainThread]:   protocol: None
[0m11:52:04.213050 [info ] [MainThread]:   connect_retries: 1
[0m11:52:04.213669 [info ] [MainThread]:   connect_timeout: None
[0m11:52:04.214229 [info ] [MainThread]:   retry_on_database_errors: False
[0m11:52:04.214779 [info ] [MainThread]:   retry_all: False
[0m11:52:04.215383 [info ] [MainThread]:   insecure_mode: False
[0m11:52:04.215936 [info ] [MainThread]:   reuse_connections: None
[0m11:52:04.216580 [info ] [MainThread]: Registered adapter: snowflake=1.6.2
[0m11:52:04.217463 [debug] [MainThread]: Acquiring new snowflake connection 'debug'
[0m11:52:04.218642 [debug] [MainThread]: Using snowflake connection "debug"
[0m11:52:04.219305 [debug] [MainThread]: On debug: select 1 as id
[0m11:52:04.219898 [debug] [MainThread]: Opening a new connection, currently in state init
[0m11:52:05.053856 [debug] [MainThread]: SQL status: SUCCESS 1 in 1.0 seconds
[0m11:52:05.055188 [debug] [MainThread]: On debug: Close
[0m11:52:05.122446 [info ] [MainThread]:   Connection test: [[32mOK connection ok[0m]

[0m11:52:05.123240 [info ] [MainThread]: [31m1 check failed:[0m
[0m11:52:05.123922 [info ] [MainThread]: Project loading failed for the following reason:
 project path </home/ehsan/Documents/My Projects/dbt-snowflake-pipeline/dbt_project.yml> not found

[0m11:52:05.124817 [debug] [MainThread]: Command `dbt debug` failed at 11:52:05.124697 after 2.65 seconds
[0m11:52:05.125340 [debug] [MainThread]: Connection 'debug' was properly closed.
[0m11:52:05.126027 [debug] [MainThread]: Sending event: {'category': 'dbt', 'action': 'invocation', 'label': 'end', 'context': [<snowplow_tracker.self_describing_json.SelfDescribingJson object at 0x7f827bc090f0>, <snowplow_tracker.self_describing_json.SelfDescribingJson object at 0x7f825cd5e920>, <snowplow_tracker.self_describing_json.SelfDescribingJson object at 0x7f825cd5ea70>]}
[0m11:52:05.126631 [debug] [MainThread]: Flushing usage events
